D:\DOCUMENTS\VISUAL STUDIO 2010\PROJECTS\SAYTHESONG\DEBUG\GEN_SAYTHESONG.DLL
d:\documents\visual studio 2010\Projects\SayTheSong\Debug\gen_SayTheSong.exp
D:\DOCUMENTS\VISUAL STUDIO 2010\PROJECTS\SAYTHESONG\DEBUG\GEN_SAYTHESONG.ILK
d:\documents\visual studio 2010\Projects\SayTheSong\Debug\gen_SayTheSong.lib
D:\DOCUMENTS\VISUAL STUDIO 2010\PROJECTS\SAYTHESONG\DEBUG\GEN_SAYTHESONG.PDB
d:\documents\visual studio 2010\Projects\SayTheSong\Debug\Interop.SpeechLib.dll
d:\documents\visual studio 2010\Projects\SayTheSong\Debug\SayTheSong.dll
d:\documents\visual studio 2010\Projects\SayTheSong\Debug\SayTheSong.pdb
D:\DOCUMENTS\VISUAL STUDIO 2010\PROJECTS\SAYTHESONG\SAYTHESONG\GEN_SAYTHESONG\DEBUG\.NETFRAMEWORK,VERSION=V4.0.ASSEMBLYATTRIBUTES.OBJ
D:\DOCUMENTS\VISUAL STUDIO 2010\PROJECTS\SAYTHESONG\SAYTHESONG\GEN_SAYTHESONG\DEBUG\ASSEMBLYINFO.OBJ
d:\documents\visual studio 2010\Projects\SayTheSong\SayTheSong\gen_SayTheSong\Debug\cl.command.1.tlog
d:\documents\visual studio 2010\Projects\SayTheSong\SayTheSong\gen_SayTheSong\Debug\CL.read.1.tlog
d:\documents\visual studio 2010\Projects\SayTheSong\SayTheSong\gen_SayTheSong\Debug\CL.write.1.tlog
D:\DOCUMENTS\VISUAL STUDIO 2010\PROJECTS\SAYTHESONG\SAYTHESONG\GEN_SAYTHESONG\DEBUG\GEN_SAYTHESONG.DLL.INTERMEDIATE.MANIFEST
D:\DOCUMENTS\VISUAL STUDIO 2010\PROJECTS\SAYTHESONG\SAYTHESONG\GEN_SAYTHESONG\DEBUG\GEN_SAYTHESONG.OBJ
D:\DOCUMENTS\VISUAL STUDIO 2010\PROJECTS\SAYTHESONG\SAYTHESONG\GEN_SAYTHESONG\DEBUG\GEN_SAYTHESONG.PCH
d:\documents\visual studio 2010\Projects\SayTheSong\SayTheSong\gen_SayTheSong\Debug\gen_SayTheSong.vcxproj.ResolveComReference.cache
d:\documents\visual studio 2010\Projects\SayTheSong\SayTheSong\gen_SayTheSong\Debug\gen_SayTheSong.vcxprojResolveAssemblyReference.cache
d:\documents\visual studio 2010\Projects\SayTheSong\SayTheSong\gen_SayTheSong\Debug\gen_SayTheSong.write.1.tlog
d:\documents\visual studio 2010\Projects\SayTheSong\SayTheSong\gen_SayTheSong\Debug\link.10428.read.1.tlog
d:\documents\visual studio 2010\Projects\SayTheSong\SayTheSong\gen_SayTheSong\Debug\link.10428.write.1.tlog
d:\documents\visual studio 2010\Projects\SayTheSong\SayTheSong\gen_SayTheSong\Debug\link.13368.read.1.tlog
d:\documents\visual studio 2010\Projects\SayTheSong\SayTheSong\gen_SayTheSong\Debug\link.13368.write.1.tlog
d:\documents\visual studio 2010\Projects\SayTheSong\SayTheSong\gen_SayTheSong\Debug\link.13572.read.1.tlog
d:\documents\visual studio 2010\Projects\SayTheSong\SayTheSong\gen_SayTheSong\Debug\link.13572.write.1.tlog
d:\documents\visual studio 2010\Projects\SayTheSong\SayTheSong\gen_SayTheSong\Debug\link.15508.read.1.tlog
d:\documents\visual studio 2010\Projects\SayTheSong\SayTheSong\gen_SayTheSong\Debug\link.15508.write.1.tlog
d:\documents\visual studio 2010\Projects\SayTheSong\SayTheSong\gen_SayTheSong\Debug\link.15592.read.1.tlog
d:\documents\visual studio 2010\Projects\SayTheSong\SayTheSong\gen_SayTheSong\Debug\link.15592.write.1.tlog
d:\documents\visual studio 2010\Projects\SayTheSong\SayTheSong\gen_SayTheSong\Debug\link.17708.read.1.tlog
d:\documents\visual studio 2010\Projects\SayTheSong\SayTheSong\gen_SayTheSong\Debug\link.17708.write.1.tlog
d:\documents\visual studio 2010\Projects\SayTheSong\SayTheSong\gen_SayTheSong\Debug\link.17928.read.1.tlog
d:\documents\visual studio 2010\Projects\SayTheSong\SayTheSong\gen_SayTheSong\Debug\link.17928.write.1.tlog
d:\documents\visual studio 2010\Projects\SayTheSong\SayTheSong\gen_SayTheSong\Debug\link.18224.read.1.tlog
d:\documents\visual studio 2010\Projects\SayTheSong\SayTheSong\gen_SayTheSong\Debug\link.18224.write.1.tlog
d:\documents\visual studio 2010\Projects\SayTheSong\SayTheSong\gen_SayTheSong\Debug\link.18272.read.1.tlog
d:\documents\visual studio 2010\Projects\SayTheSong\SayTheSong\gen_SayTheSong\Debug\link.18272.write.1.tlog
d:\documents\visual studio 2010\Projects\SayTheSong\SayTheSong\gen_SayTheSong\Debug\link.18700.read.1.tlog
d:\documents\visual studio 2010\Projects\SayTheSong\SayTheSong\gen_SayTheSong\Debug\link.18700.write.1.tlog
d:\documents\visual studio 2010\Projects\SayTheSong\SayTheSong\gen_SayTheSong\Debug\link.19980.read.1.tlog
d:\documents\visual studio 2010\Projects\SayTheSong\SayTheSong\gen_SayTheSong\Debug\link.19980.write.1.tlog
d:\documents\visual studio 2010\Projects\SayTheSong\SayTheSong\gen_SayTheSong\Debug\link.20268.read.1.tlog
d:\documents\visual studio 2010\Projects\SayTheSong\SayTheSong\gen_SayTheSong\Debug\link.20268.write.1.tlog
d:\documents\visual studio 2010\Projects\SayTheSong\SayTheSong\gen_SayTheSong\Debug\link.5724.read.1.tlog
d:\documents\visual studio 2010\Projects\SayTheSong\SayTheSong\gen_SayTheSong\Debug\link.5724.write.1.tlog
d:\documents\visual studio 2010\Projects\SayTheSong\SayTheSong\gen_SayTheSong\Debug\link.7256.read.1.tlog
d:\documents\visual studio 2010\Projects\SayTheSong\SayTheSong\gen_SayTheSong\Debug\link.7256.write.1.tlog
d:\documents\visual studio 2010\Projects\SayTheSong\SayTheSong\gen_SayTheSong\Debug\link.7304.read.1.tlog
d:\documents\visual studio 2010\Projects\SayTheSong\SayTheSong\gen_SayTheSong\Debug\link.7304.write.1.tlog
d:\documents\visual studio 2010\Projects\SayTheSong\SayTheSong\gen_SayTheSong\Debug\link.7900.read.1.tlog
d:\documents\visual studio 2010\Projects\SayTheSong\SayTheSong\gen_SayTheSong\Debug\link.7900.write.1.tlog
d:\documents\visual studio 2010\Projects\SayTheSong\SayTheSong\gen_SayTheSong\Debug\link.command.1.tlog
d:\documents\visual studio 2010\Projects\SayTheSong\SayTheSong\gen_SayTheSong\Debug\link.read.1.tlog
d:\documents\visual studio 2010\Projects\SayTheSong\SayTheSong\gen_SayTheSong\Debug\link.write.1.tlog
d:\documents\visual studio 2010\Projects\SayTheSong\SayTheSong\gen_SayTheSong\Debug\mt.command.1.tlog
d:\documents\visual studio 2010\Projects\SayTheSong\SayTheSong\gen_SayTheSong\Debug\mt.read.1.tlog
d:\documents\visual studio 2010\Projects\SayTheSong\SayTheSong\gen_SayTheSong\Debug\mt.write.1.tlog
D:\DOCUMENTS\VISUAL STUDIO 2010\PROJECTS\SAYTHESONG\SAYTHESONG\GEN_SAYTHESONG\DEBUG\PLUGINWRAPPER.OBJ
D:\DOCUMENTS\VISUAL STUDIO 2010\PROJECTS\SAYTHESONG\SAYTHESONG\GEN_SAYTHESONG\DEBUG\STDAFX.OBJ
D:\DOCUMENTS\VISUAL STUDIO 2010\PROJECTS\SAYTHESONG\SAYTHESONG\GEN_SAYTHESONG\DEBUG\VC100.PDB
