Build started 6/13/2022 6:27:29 PM.
     1>Project "d:\documents\visual studio 2010\Projects\SayTheSong\SayTheSong\gen_SayTheSong\gen_SayTheSong.vcxproj" on node 2 (rebuild target(s)).
     1>_PrepareForClean:
         Deleting file "Debug\gen_SayTheSong.lastbuildstate".
     1>C:\Windows\Microsoft.NET\Framework\v4.0.30319\Microsoft.Common.Targets(2015,5): warning MSB3305: Processing COM reference "SpeechLib.5.4.dll" from path "C:\Windows\System32\Speech\Common\sapi.dll". At least one of the arguments for 'SpStreamFormatConverter.GetFormat' cannot be marshaled by the runtime marshaler.  Such arguments will therefore be passed as a pointer and may require unsafe code to manipulate.
     1>C:\Windows\Microsoft.NET\Framework\v4.0.30319\Microsoft.Common.Targets(2015,5): warning MSB3305: Processing COM reference "SpeechLib.5.4.dll" from path "C:\Windows\System32\Speech\Common\sapi.dll". At least one of the arguments for 'ISpStreamFormatConverter.GetFormat' cannot be marshaled by the runtime marshaler.  Such arguments will therefore be passed as a pointer and may require unsafe code to manipulate.
     1>C:\Windows\Microsoft.NET\Framework\v4.0.30319\Microsoft.Common.Targets(2015,5): warning MSB3305: Processing COM reference "SpeechLib.5.4.dll" from path "C:\Windows\System32\Speech\Common\sapi.dll". At least one of the arguments for 'ISpStreamFormat.GetFormat' cannot be marshaled by the runtime marshaler.  Such arguments will therefore be passed as a pointer and may require unsafe code to manipulate.
     1>C:\Windows\Microsoft.NET\Framework\v4.0.30319\Microsoft.Common.Targets(2015,5): warning MSB3305: Processing COM reference "SpeechLib.5.4.dll" from path "C:\Windows\System32\Speech\Common\sapi.dll". At least one of the arguments for 'SpMMAudioIn.GetFormat' cannot be marshaled by the runtime marshaler.  Such arguments will therefore be passed as a pointer and may require unsafe code to manipulate.
     1>C:\Windows\Microsoft.NET\Framework\v4.0.30319\Microsoft.Common.Targets(2015,5): warning MSB3305: Processing COM reference "SpeechLib.5.4.dll" from path "C:\Windows\System32\Speech\Common\sapi.dll". At least one of the arguments for 'SpMMAudioIn.GetDefaultFormat' cannot be marshaled by the runtime marshaler.  Such arguments will therefore be passed as a pointer and may require unsafe code to manipulate.
     1>C:\Windows\Microsoft.NET\Framework\v4.0.30319\Microsoft.Common.Targets(2015,5): warning MSB3305: Processing COM reference "SpeechLib.5.4.dll" from path "C:\Windows\System32\Speech\Common\sapi.dll". At least one of the arguments for 'ISpMMSysAudio.GetFormat' cannot be marshaled by the runtime marshaler.  Such arguments will therefore be passed as a pointer and may require unsafe code to manipulate.
     1>C:\Windows\Microsoft.NET\Framework\v4.0.30319\Microsoft.Common.Targets(2015,5): warning MSB3305: Processing COM reference "SpeechLib.5.4.dll" from path "C:\Windows\System32\Speech\Common\sapi.dll". At least one of the arguments for 'ISpMMSysAudio.GetDefaultFormat' cannot be marshaled by the runtime marshaler.  Such arguments will therefore be passed as a pointer and may require unsafe code to manipulate.
     1>C:\Windows\Microsoft.NET\Framework\v4.0.30319\Microsoft.Common.Targets(2015,5): warning MSB3305: Processing COM reference "SpeechLib.5.4.dll" from path "C:\Windows\System32\Speech\Common\sapi.dll". At least one of the arguments for 'ISpAudio.GetFormat' cannot be marshaled by the runtime marshaler.  Such arguments will therefore be passed as a pointer and may require unsafe code to manipulate.
     1>C:\Windows\Microsoft.NET\Framework\v4.0.30319\Microsoft.Common.Targets(2015,5): warning MSB3305: Processing COM reference "SpeechLib.5.4.dll" from path "C:\Windows\System32\Speech\Common\sapi.dll". At least one of the arguments for 'ISpAudio.GetDefaultFormat' cannot be marshaled by the runtime marshaler.  Such arguments will therefore be passed as a pointer and may require unsafe code to manipulate.
     1>C:\Windows\Microsoft.NET\Framework\v4.0.30319\Microsoft.Common.Targets(2015,5): warning MSB3305: Processing COM reference "SpeechLib.5.4.dll" from path "C:\Windows\System32\Speech\Common\sapi.dll". At least one of the arguments for 'SpMMAudioOut.GetFormat' cannot be marshaled by the runtime marshaler.  Such arguments will therefore be passed as a pointer and may require unsafe code to manipulate.
     1>C:\Windows\Microsoft.NET\Framework\v4.0.30319\Microsoft.Common.Targets(2015,5): warning MSB3305: Processing COM reference "SpeechLib.5.4.dll" from path "C:\Windows\System32\Speech\Common\sapi.dll". At least one of the arguments for 'SpMMAudioOut.GetDefaultFormat' cannot be marshaled by the runtime marshaler.  Such arguments will therefore be passed as a pointer and may require unsafe code to manipulate.
     1>C:\Windows\Microsoft.NET\Framework\v4.0.30319\Microsoft.Common.Targets(2015,5): warning MSB3305: Processing COM reference "SpeechLib.5.4.dll" from path "C:\Windows\System32\Speech\Common\sapi.dll". At least one of the arguments for 'SpStream.GetFormat' cannot be marshaled by the runtime marshaler.  Such arguments will therefore be passed as a pointer and may require unsafe code to manipulate.
     1>C:\Windows\Microsoft.NET\Framework\v4.0.30319\Microsoft.Common.Targets(2015,5): warning MSB3305: Processing COM reference "SpeechLib.5.4.dll" from path "C:\Windows\System32\Speech\Common\sapi.dll". At least one of the arguments for 'ISpStream.GetFormat' cannot be marshaled by the runtime marshaler.  Such arguments will therefore be passed as a pointer and may require unsafe code to manipulate.
     1>C:\Windows\Microsoft.NET\Framework\v4.0.30319\Microsoft.Common.Targets(2015,5): warning MSB3305: Processing COM reference "SpeechLib.5.4.dll" from path "C:\Windows\System32\Speech\Common\sapi.dll". At least one of the arguments for 'SpSharedRecoContext.GetAudioOptions' cannot be marshaled by the runtime marshaler.  Such arguments will therefore be passed as a pointer and may require unsafe code to manipulate.
     1>C:\Windows\Microsoft.NET\Framework\v4.0.30319\Microsoft.Common.Targets(2015,5): warning MSB3305: Processing COM reference "SpeechLib.5.4.dll" from path "C:\Windows\System32\Speech\Common\sapi.dll". At least one of the arguments for 'ISpRecoContext.GetAudioOptions' cannot be marshaled by the runtime marshaler.  Such arguments will therefore be passed as a pointer and may require unsafe code to manipulate.
     1>C:\Windows\Microsoft.NET\Framework\v4.0.30319\Microsoft.Common.Targets(2015,5): warning MSB3305: Processing COM reference "SpeechLib.5.4.dll" from path "C:\Windows\System32\Speech\Common\sapi.dll". At least one of the arguments for 'ISpRecognizer.GetFormat' cannot be marshaled by the runtime marshaler.  Such arguments will therefore be passed as a pointer and may require unsafe code to manipulate.
     1>C:\Windows\Microsoft.NET\Framework\v4.0.30319\Microsoft.Common.Targets(2015,5): warning MSB3305: Processing COM reference "SpeechLib.5.4.dll" from path "C:\Windows\System32\Speech\Common\sapi.dll". At least one of the arguments for 'ISpPhrase.GetPhrase' cannot be marshaled by the runtime marshaler.  Such arguments will therefore be passed as a pointer and may require unsafe code to manipulate.
     1>C:\Windows\Microsoft.NET\Framework\v4.0.30319\Microsoft.Common.Targets(2015,5): warning MSB3305: Processing COM reference "SpeechLib.5.4.dll" from path "C:\Windows\System32\Speech\Common\sapi.dll". At least one of the arguments for 'ISpPhrase.GetSerializedPhrase' cannot be marshaled by the runtime marshaler.  Such arguments will therefore be passed as a pointer and may require unsafe code to manipulate.
     1>C:\Windows\Microsoft.NET\Framework\v4.0.30319\Microsoft.Common.Targets(2015,5): warning MSB3305: Processing COM reference "SpeechLib.5.4.dll" from path "C:\Windows\System32\Speech\Common\sapi.dll". The type library importer could not convert the signature for the member 'SPPHRASE.pProperties'.
     1>C:\Windows\Microsoft.NET\Framework\v4.0.30319\Microsoft.Common.Targets(2015,5): warning MSB3305: Processing COM reference "SpeechLib.5.4.dll" from path "C:\Windows\System32\Speech\Common\sapi.dll". The type library importer could not convert the signature for the member 'SPPHRASE.pElements'.
     1>C:\Windows\Microsoft.NET\Framework\v4.0.30319\Microsoft.Common.Targets(2015,5): warning MSB3305: Processing COM reference "SpeechLib.5.4.dll" from path "C:\Windows\System32\Speech\Common\sapi.dll". The type library importer could not convert the signature for the member 'SPPHRASE.pReplacements'.
     1>C:\Windows\Microsoft.NET\Framework\v4.0.30319\Microsoft.Common.Targets(2015,5): warning MSB3305: Processing COM reference "SpeechLib.5.4.dll" from path "C:\Windows\System32\Speech\Common\sapi.dll". The type library importer could not convert the signature for the member 'SPPHRASE.pSREnginePrivateData'.
     1>C:\Windows\Microsoft.NET\Framework\v4.0.30319\Microsoft.Common.Targets(2015,5): warning MSB3305: Processing COM reference "SpeechLib.5.4.dll" from path "C:\Windows\System32\Speech\Common\sapi.dll". The type library importer could not convert the signature for the member 'SPPHRASE.pSemanticErrorInfo'.
     1>C:\Windows\Microsoft.NET\Framework\v4.0.30319\Microsoft.Common.Targets(2015,5): warning MSB3305: Processing COM reference "SpeechLib.5.4.dll" from path "C:\Windows\System32\Speech\Common\sapi.dll". The type library importer could not convert the signature for the member 'SPPHRASERULE.pNextSibling'.
     1>C:\Windows\Microsoft.NET\Framework\v4.0.30319\Microsoft.Common.Targets(2015,5): warning MSB3305: Processing COM reference "SpeechLib.5.4.dll" from path "C:\Windows\System32\Speech\Common\sapi.dll". The type library importer could not convert the signature for the member 'SPPHRASERULE.pFirstChild'.
     1>C:\Windows\Microsoft.NET\Framework\v4.0.30319\Microsoft.Common.Targets(2015,5): warning MSB3305: Processing COM reference "SpeechLib.5.4.dll" from path "C:\Windows\System32\Speech\Common\sapi.dll". The type library importer could not convert the signature for the member 'SPPHRASEPROPERTY.pNextSibling'.
     1>C:\Windows\Microsoft.NET\Framework\v4.0.30319\Microsoft.Common.Targets(2015,5): warning MSB3305: Processing COM reference "SpeechLib.5.4.dll" from path "C:\Windows\System32\Speech\Common\sapi.dll". The type library importer could not convert the signature for the member 'SPPHRASEPROPERTY.pFirstChild'.
     1>C:\Windows\Microsoft.NET\Framework\v4.0.30319\Microsoft.Common.Targets(2015,5): warning MSB3305: Processing COM reference "SpeechLib.5.4.dll" from path "C:\Windows\System32\Speech\Common\sapi.dll". The type library importer could not convert the signature for the member 'SPPHRASEELEMENT.pszPronunciation'.
     1>C:\Windows\Microsoft.NET\Framework\v4.0.30319\Microsoft.Common.Targets(2015,5): warning MSB3305: Processing COM reference "SpeechLib.5.4.dll" from path "C:\Windows\System32\Speech\Common\sapi.dll". At least one of the arguments for 'ISpRecoResult.GetPhrase' cannot be marshaled by the runtime marshaler.  Such arguments will therefore be passed as a pointer and may require unsafe code to manipulate.
     1>C:\Windows\Microsoft.NET\Framework\v4.0.30319\Microsoft.Common.Targets(2015,5): warning MSB3305: Processing COM reference "SpeechLib.5.4.dll" from path "C:\Windows\System32\Speech\Common\sapi.dll". At least one of the arguments for 'ISpRecoResult.GetSerializedPhrase' cannot be marshaled by the runtime marshaler.  Such arguments will therefore be passed as a pointer and may require unsafe code to manipulate.
     1>C:\Windows\Microsoft.NET\Framework\v4.0.30319\Microsoft.Common.Targets(2015,5): warning MSB3305: Processing COM reference "SpeechLib.5.4.dll" from path "C:\Windows\System32\Speech\Common\sapi.dll". At least one of the arguments for 'ISpRecoResult.Serialize' cannot be marshaled by the runtime marshaler.  Such arguments will therefore be passed as a pointer and may require unsafe code to manipulate.
     1>C:\Windows\Microsoft.NET\Framework\v4.0.30319\Microsoft.Common.Targets(2015,5): warning MSB3305: Processing COM reference "SpeechLib.5.4.dll" from path "C:\Windows\System32\Speech\Common\sapi.dll". At least one of the arguments for 'ISpPhraseAlt.GetPhrase' cannot be marshaled by the runtime marshaler.  Such arguments will therefore be passed as a pointer and may require unsafe code to manipulate.
     1>C:\Windows\Microsoft.NET\Framework\v4.0.30319\Microsoft.Common.Targets(2015,5): warning MSB3305: Processing COM reference "SpeechLib.5.4.dll" from path "C:\Windows\System32\Speech\Common\sapi.dll". At least one of the arguments for 'ISpPhraseAlt.GetSerializedPhrase' cannot be marshaled by the runtime marshaler.  Such arguments will therefore be passed as a pointer and may require unsafe code to manipulate.
     1>C:\Windows\Microsoft.NET\Framework\v4.0.30319\Microsoft.Common.Targets(2015,5): warning MSB3305: Processing COM reference "SpeechLib.5.4.dll" from path "C:\Windows\System32\Speech\Common\sapi.dll". At least one of the arguments for 'SpInprocRecognizer.GetFormat' cannot be marshaled by the runtime marshaler.  Such arguments will therefore be passed as a pointer and may require unsafe code to manipulate.
     1>C:\Windows\Microsoft.NET\Framework\v4.0.30319\Microsoft.Common.Targets(2015,5): warning MSB3305: Processing COM reference "SpeechLib.5.4.dll" from path "C:\Windows\System32\Speech\Common\sapi.dll". At least one of the arguments for 'SpInprocRecognizer.GetSerializedState' cannot be marshaled by the runtime marshaler.  Such arguments will therefore be passed as a pointer and may require unsafe code to manipulate.
     1>C:\Windows\Microsoft.NET\Framework\v4.0.30319\Microsoft.Common.Targets(2015,5): warning MSB3305: Processing COM reference "SpeechLib.5.4.dll" from path "C:\Windows\System32\Speech\Common\sapi.dll". At least one of the arguments for 'ISpSerializeState.GetSerializedState' cannot be marshaled by the runtime marshaler.  Such arguments will therefore be passed as a pointer and may require unsafe code to manipulate.
     1>C:\Windows\Microsoft.NET\Framework\v4.0.30319\Microsoft.Common.Targets(2015,5): warning MSB3305: Processing COM reference "SpeechLib.5.4.dll" from path "C:\Windows\System32\Speech\Common\sapi.dll". At least one of the arguments for 'SpSharedRecognizer.GetFormat' cannot be marshaled by the runtime marshaler.  Such arguments will therefore be passed as a pointer and may require unsafe code to manipulate.
     1>C:\Windows\Microsoft.NET\Framework\v4.0.30319\Microsoft.Common.Targets(2015,5): warning MSB3305: Processing COM reference "SpeechLib.5.4.dll" from path "C:\Windows\System32\Speech\Common\sapi.dll". At least one of the arguments for 'SpSharedRecognizer.GetSerializedState' cannot be marshaled by the runtime marshaler.  Such arguments will therefore be passed as a pointer and may require unsafe code to manipulate.
     1>C:\Windows\Microsoft.NET\Framework\v4.0.30319\Microsoft.Common.Targets(2015,5): warning MSB3305: Processing COM reference "SpeechLib.5.4.dll" from path "C:\Windows\System32\Speech\Common\sapi.dll". The type library importer could not convert the signature for the member 'SPWORDPRONUNCIATIONLIST.pvBuffer'.
     1>C:\Windows\Microsoft.NET\Framework\v4.0.30319\Microsoft.Common.Targets(2015,5): warning MSB3305: Processing COM reference "SpeechLib.5.4.dll" from path "C:\Windows\System32\Speech\Common\sapi.dll". The type library importer could not convert the signature for the member 'SPWORDPRONUNCIATIONLIST.pFirstWordPronunciation'.
     1>C:\Windows\Microsoft.NET\Framework\v4.0.30319\Microsoft.Common.Targets(2015,5): warning MSB3305: Processing COM reference "SpeechLib.5.4.dll" from path "C:\Windows\System32\Speech\Common\sapi.dll". The type library importer could not convert the signature for the member 'SPWORDPRONUNCIATION.pNextWordPronunciation'.
     1>C:\Windows\Microsoft.NET\Framework\v4.0.30319\Microsoft.Common.Targets(2015,5): warning MSB3305: Processing COM reference "SpeechLib.5.4.dll" from path "C:\Windows\System32\Speech\Common\sapi.dll". The type library importer could not convert the signature for the member 'SPWORDLIST.pvBuffer'.
     1>C:\Windows\Microsoft.NET\Framework\v4.0.30319\Microsoft.Common.Targets(2015,5): warning MSB3305: Processing COM reference "SpeechLib.5.4.dll" from path "C:\Windows\System32\Speech\Common\sapi.dll". The type library importer could not convert the signature for the member 'SPWORDLIST.pFirstWord'.
     1>C:\Windows\Microsoft.NET\Framework\v4.0.30319\Microsoft.Common.Targets(2015,5): warning MSB3305: Processing COM reference "SpeechLib.5.4.dll" from path "C:\Windows\System32\Speech\Common\sapi.dll". The type library importer could not convert the signature for the member 'SPWORD.pNextWord'.
     1>C:\Windows\Microsoft.NET\Framework\v4.0.30319\Microsoft.Common.Targets(2015,5): warning MSB3305: Processing COM reference "SpeechLib.5.4.dll" from path "C:\Windows\System32\Speech\Common\sapi.dll". The type library importer could not convert the signature for the member 'SPWORD.pFirstWordPronunciation'.
     1>C:\Windows\Microsoft.NET\Framework\v4.0.30319\Microsoft.Common.Targets(2015,5): warning MSB3305: Processing COM reference "SpeechLib.5.4.dll" from path "C:\Windows\System32\Speech\Common\sapi.dll". The type library importer could not convert the signature for the member 'SPSHORTCUTPAIRLIST.pvBuffer'.
     1>C:\Windows\Microsoft.NET\Framework\v4.0.30319\Microsoft.Common.Targets(2015,5): warning MSB3305: Processing COM reference "SpeechLib.5.4.dll" from path "C:\Windows\System32\Speech\Common\sapi.dll". The type library importer could not convert the signature for the member 'SPSHORTCUTPAIRLIST.pFirstShortcutPair'.
     1>C:\Windows\Microsoft.NET\Framework\v4.0.30319\Microsoft.Common.Targets(2015,5): warning MSB3305: Processing COM reference "SpeechLib.5.4.dll" from path "C:\Windows\System32\Speech\Common\sapi.dll". The type library importer could not convert the signature for the member 'SPSHORTCUTPAIR.pNextSHORTCUTPAIR'.
     1>C:\Windows\Microsoft.NET\Framework\v4.0.30319\Microsoft.Common.Targets(2015,5): warning MSB3305: Processing COM reference "SpeechLib.5.4.dll" from path "C:\Windows\System32\Speech\Common\sapi.dll". At least one of the arguments for 'SpInProcRecoContext.GetAudioOptions' cannot be marshaled by the runtime marshaler.  Such arguments will therefore be passed as a pointer and may require unsafe code to manipulate.
     1>C:\Windows\Microsoft.NET\Framework\v4.0.30319\Microsoft.Common.Targets(2015,5): warning MSB3305: Processing COM reference "SpeechLib.5.4.dll" from path "C:\Windows\System32\Speech\Common\sapi.dll". At least one of the arguments for 'SpCustomStream.GetFormat' cannot be marshaled by the runtime marshaler.  Such arguments will therefore be passed as a pointer and may require unsafe code to manipulate.
     1>C:\Windows\Microsoft.NET\Framework\v4.0.30319\Microsoft.Common.Targets(2015,5): warning MSB3305: Processing COM reference "SpeechLib.5.4.dll" from path "C:\Windows\System32\Speech\Common\sapi.dll". At least one of the arguments for 'SpFileStream.GetFormat' cannot be marshaled by the runtime marshaler.  Such arguments will therefore be passed as a pointer and may require unsafe code to manipulate.
     1>C:\Windows\Microsoft.NET\Framework\v4.0.30319\Microsoft.Common.Targets(2015,5): warning MSB3305: Processing COM reference "SpeechLib.5.4.dll" from path "C:\Windows\System32\Speech\Common\sapi.dll". At least one of the arguments for 'SpMemoryStream.GetFormat' cannot be marshaled by the runtime marshaler.  Such arguments will therefore be passed as a pointer and may require unsafe code to manipulate.
     1>C:\Windows\Microsoft.NET\Framework\v4.0.30319\Microsoft.Common.Targets(2015,5): warning MSB3305: Processing COM reference "SpeechLib.5.4.dll" from path "C:\Windows\System32\Speech\Common\sapi.dll". At least one of the arguments for 'ISpXMLRecoResult.GetPhrase' cannot be marshaled by the runtime marshaler.  Such arguments will therefore be passed as a pointer and may require unsafe code to manipulate.
     1>C:\Windows\Microsoft.NET\Framework\v4.0.30319\Microsoft.Common.Targets(2015,5): warning MSB3305: Processing COM reference "SpeechLib.5.4.dll" from path "C:\Windows\System32\Speech\Common\sapi.dll". At least one of the arguments for 'ISpXMLRecoResult.GetSerializedPhrase' cannot be marshaled by the runtime marshaler.  Such arguments will therefore be passed as a pointer and may require unsafe code to manipulate.
     1>C:\Windows\Microsoft.NET\Framework\v4.0.30319\Microsoft.Common.Targets(2015,5): warning MSB3305: Processing COM reference "SpeechLib.5.4.dll" from path "C:\Windows\System32\Speech\Common\sapi.dll". At least one of the arguments for 'ISpXMLRecoResult.Serialize' cannot be marshaled by the runtime marshaler.  Such arguments will therefore be passed as a pointer and may require unsafe code to manipulate.
     1>C:\Windows\Microsoft.NET\Framework\v4.0.30319\Microsoft.Common.Targets(2015,5): warning MSB3305: Processing COM reference "SpeechLib.5.4.dll" from path "C:\Windows\System32\Speech\Common\sapi.dll". At least one of the arguments for 'ISpRecoGrammar2.GetRules' cannot be marshaled by the runtime marshaler.  Such arguments will therefore be passed as a pointer and may require unsafe code to manipulate.
     1>C:\Windows\Microsoft.NET\Framework\v4.0.30319\Microsoft.Common.Targets(2015,5): warning MSB3305: Processing COM reference "SpeechLib.5.4.dll" from path "C:\Windows\System32\Speech\Common\sapi.dll". At least one of the arguments for 'IInternetSecurityManager.QueryCustomPolicy' cannot be marshaled by the runtime marshaler.  Such arguments will therefore be passed as a pointer and may require unsafe code to manipulate.
     1>C:\Windows\Microsoft.NET\Framework\v4.0.30319\Microsoft.Common.Targets(2015,5): warning MSB3305: Processing COM reference "SpeechLib.5.4.dll" from path "C:\Windows\System32\Speech\Common\sapi.dll". At least one of the arguments for 'IInternetSecurityMgrSite.GetWindow' cannot be marshaled by the runtime marshaler.  Such arguments will therefore be passed as a pointer and may require unsafe code to manipulate.
       InitializeBuildStatus:
         Creating "Debug\gen_SayTheSong.unsuccessfulbuild" because "AlwaysCreate" was specified.
       GenerateTargetFrameworkMonikerAttribute:
       Skipping target "GenerateTargetFrameworkMonikerAttribute" because all output files are up-to-date with respect to the input files.
       ClCompile:
         C:\Program Files (x86)\Microsoft Visual Studio 10.0\VC\bin\CL.exe /c /AI"C:\Program Files (x86)\Reference Assemblies\Microsoft\Framework\.NETFramework\v4.0" /Zi /clr /nologo /W3 /WX- /Od /Oy- /D WIN32 /D _DEBUG /D _WINDLL /D _UNICODE /D UNICODE /EHa /MDd /GS /fp:precise /Zc:wchar_t /Zc:forScope /Yc"StdAfx.h" /Fp"Debug\gen_SayTheSong.pch" /Fo"Debug\\" /Fd"Debug\vc100.pdb" /TP /FU"C:\Program Files (x86)\Sharpamp\Daniel15.Sharpamp.dll" /FU"d:\documents\visual studio 2010\Projects\SayTheSong\SayTheSong\SayTheSong\bin\Debug\SayTheSong.dll" /FU"C:\Program Files (x86)\Reference Assemblies\Microsoft\Framework\.NETFramework\v4.0\System.Core.dll" /FU"C:\Program Files (x86)\Reference Assemblies\Microsoft\Framework\.NETFramework\v4.0\System.dll" /FU"C:\Program Files (x86)\Reference Assemblies\Microsoft\Framework\.NETFramework\v4.0\System.Windows.Forms.dll" /FUInterop\Interop.SpeechLib.5.4.dll /FUInterop\Interop.SpeechLib.5.4.dll /analyze- /errorReport:prompt Stdafx.cpp /clr:nostdlib 
         Stdafx.cpp
         C:\Program Files (x86)\Microsoft Visual Studio 10.0\VC\bin\CL.exe /c /AI"C:\Program Files (x86)\Reference Assemblies\Microsoft\Framework\.NETFramework\v4.0" /Zi /clr /nologo /W3 /WX- /Od /Oy- /D WIN32 /D _DEBUG /D _WINDLL /D _UNICODE /D UNICODE /EHa /MDd /GS /fp:precise /Zc:wchar_t /Zc:forScope /Yu"StdAfx.h" /Fp"Debug\gen_SayTheSong.pch" /Fo"Debug\\" /Fd"Debug\vc100.pdb" /TP /FU"C:\Program Files (x86)\Sharpamp\Daniel15.Sharpamp.dll" /FU"d:\documents\visual studio 2010\Projects\SayTheSong\SayTheSong\SayTheSong\bin\Debug\SayTheSong.dll" /FU"C:\Program Files (x86)\Reference Assemblies\Microsoft\Framework\.NETFramework\v4.0\System.Core.dll" /FU"C:\Program Files (x86)\Reference Assemblies\Microsoft\Framework\.NETFramework\v4.0\System.dll" /FU"C:\Program Files (x86)\Reference Assemblies\Microsoft\Framework\.NETFramework\v4.0\System.Windows.Forms.dll" /FUInterop\Interop.SpeechLib.5.4.dll /FUInterop\Interop.SpeechLib.5.4.dll /analyze- /errorReport:prompt AssemblyInfo.cpp gen_SayTheSong.cpp PluginWrapper.cpp /clr:nostdlib 
         AssemblyInfo.cpp
         gen_SayTheSong.cpp
         PluginWrapper.cpp
         Generating Code...
         C:\Program Files (x86)\Microsoft Visual Studio 10.0\VC\bin\CL.exe /c /Zi /clr /nologo /W3 /WX- /Od /Oy- /D WIN32 /D _DEBUG /D _WINDLL /D _UNICODE /D UNICODE /EHa /MDd /GS /fp:precise /Zc:wchar_t /Zc:forScope /Fo"Debug\\" /Fd"Debug\vc100.pdb" /TP /analyze- /errorReport:prompt "C:\Users\aggel\AppData\Local\Temp\.NETFramework,Version=v4.0.AssemblyAttributes.cpp"
         .NETFramework,Version=v4.0.AssemblyAttributes.cpp
       Link:
         C:\Program Files (x86)\Microsoft Visual Studio 10.0\VC\bin\link.exe /ERRORREPORT:PROMPT /OUT:"d:\documents\visual studio 2010\Projects\SayTheSong\Debug\gen_SayTheSong.dll" /INCREMENTAL /NOLOGO /MANIFEST /ManifestFile:"Debug\gen_SayTheSong.dll.intermediate.manifest" /MANIFESTUAC:"level='asInvoker' uiAccess='false'" /DEBUG /PDB:"d:\documents\visual studio 2010\Projects\SayTheSong\Debug\gen_SayTheSong.pdb" /ASSEMBLYDEBUG /TLBID:1 /DYNAMICBASE /FIXED:NO /NXCOMPAT /MACHINE:X86 /DLL Debug\AssemblyInfo.obj
         Debug\gen_SayTheSong.obj
         Debug\PluginWrapper.obj
         Debug\Stdafx.obj
         "Debug\.NETFramework,Version=v4.0.AssemblyAttributes.obj"
            Creating library d:\documents\visual studio 2010\Projects\SayTheSong\Debug\gen_SayTheSong.lib and object d:\documents\visual studio 2010\Projects\SayTheSong\Debug\gen_SayTheSong.exp
         gen_SayTheSong.vcxproj -> d:\documents\visual studio 2010\Projects\SayTheSong\Debug\gen_SayTheSong.dll
       Manifest:
         C:\Program Files (x86)\Microsoft SDKs\Windows\v7.0A\bin\mt.exe /nologo /verbose /outputresource:"d:\documents\visual studio 2010\Projects\SayTheSong\Debug\gen_SayTheSong.dll;#2" /manifest Debug\gen_SayTheSong.dll.intermediate.manifest
       _CopyFilesMarkedCopyLocal:
         Copying file from "d:\documents\visual studio 2010\Projects\SayTheSong\SayTheSong\SayTheSong\bin\Debug\SayTheSong.dll" to "d:\documents\visual studio 2010\Projects\SayTheSong\Debug\SayTheSong.dll".
         Copying file from "d:\documents\visual studio 2010\Projects\SayTheSong\SayTheSong\SayTheSong\bin\Debug\Interop.SpeechLib.dll" to "d:\documents\visual studio 2010\Projects\SayTheSong\Debug\Interop.SpeechLib.dll".
         Copying file from "d:\documents\visual studio 2010\Projects\SayTheSong\SayTheSong\SayTheSong\bin\Debug\SayTheSong.pdb" to "d:\documents\visual studio 2010\Projects\SayTheSong\Debug\SayTheSong.pdb".
       CopyFilesToOutputDirectory:
         Copying file from "Interop\Interop.SpeechLib.5.4.dll" to "d:\documents\visual studio 2010\Projects\SayTheSong\Debug\Interop.SpeechLib.5.4.dll".
       FinalizeBuildStatus:
         Deleting file "Debug\gen_SayTheSong.unsuccessfulbuild".
         Touching "Debug\gen_SayTheSong.lastbuildstate".
     1>Done Building Project "d:\documents\visual studio 2010\Projects\SayTheSong\SayTheSong\gen_SayTheSong\gen_SayTheSong.vcxproj" (rebuild target(s)).

Build succeeded.

Time Elapsed 00:00:02.06
